# JRE version: OpenJDK Runtime Environment (11.0.2+9) (build 11.0.2+9)
# Java VM: OpenJDK 64-Bit Server VM (11.0.2+9, mixed mode, tiered, compressed oops, g1 gc, windows-amd64)
Heap:
 garbage-first heap   total 903168K, used 2321K [0x00000000c8e00000, 0x0000000100000000)
  region size 1024K, 1 young (1024K), 1 survivors (1024K)
 Metaspace       used 9357K, capacity 9518K, committed 9728K, reserved 1058816K
  class space    used 864K, capacity 923K, committed 1024K, reserved 1048576K
GC Heap History (6 events):
Event: 10980.113 GC heap before
{Heap before GC invocations=0 (full 0):
 garbage-first heap   total 57344K, used 14336K [0x00000000c8e00000, 0x0000000100000000)
  region size 1024K, 14 young (14336K), 0 survivors (0K)
 Metaspace       used 8682K, capacity 8861K, committed 9088K, reserved 1056768K
  class space    used 801K, capacity 873K, committed 896K, reserved 1048576K
}
Event: 10980.220 GC heap after
{Heap after GC invocations=1 (full 0):
 garbage-first heap   total 57344K, used 2092K [0x00000000c8e00000, 0x0000000100000000)
  region size 1024K, 2 young (2048K), 2 survivors (2048K)
 Metaspace       used 8682K, capacity 8861K, committed 9088K, reserved 1056768K
  class space    used 801K, capacity 873K, committed 896K, reserved 1048576K
}
Event: 24983.870 GC heap before
{Heap before GC invocations=1 (full 0):
 garbage-first heap   total 57344K, used 11308K [0x00000000c8e00000, 0x0000000100000000)
  region size 1024K, 12 young (12288K), 2 survivors (2048K)
 Metaspace       used 9357K, capacity 9518K, committed 9728K, reserved 1058816K
  class space    used 864K, capacity 923K, committed 1024K, reserved 1048576K
}
Event: 24983.879 GC heap after
{Heap after GC invocations=2 (full 0):
 garbage-first heap   total 57344K, used 2383K [0x00000000c8e00000, 0x0000000100000000)
  region size 1024K, 3 young (3072K), 3 survivors (3072K)
 Metaspace       used 9357K, capacity 9518K, committed 9728K, reserved 1058816K
  class space    used 864K, capacity 923K, committed 1024K, reserved 1048576K
}
Event: 24983.941 GC heap before
{Heap before GC invocations=2 (full 0):
 garbage-first heap   total 57344K, used 2383K [0x00000000c8e00000, 0x0000000100000000)
  region size 1024K, 3 young (3072K), 3 survivors (3072K)
 Metaspace       used 9357K, capacity 9518K, committed 9728K, reserved 1058816K
  class space    used 864K, capacity 923K, committed 1024K, reserved 1048576K
}
Event: 24983.976 GC heap after
{Heap after GC invocations=3 (full 0):
 garbage-first heap   total 57344K, used 2321K [0x00000000c8e00000, 0x0000000100000000)
  region size 1024K, 1 young (1024K), 1 survivors (1024K)
 Metaspace       used 9357K, capacity 9518K, committed 9728K, reserved 1058816K
  class space    used 864K, capacity 923K, committed 1024K, reserved 1048576K
}

